\BOOKMARK [0][-]{chapter*.1}{Abstract}{}% 1
\BOOKMARK [0][-]{chapter*.2}{Acknowledgements}{}% 2
\BOOKMARK [0][-]{chapter*.3}{Declarations}{}% 3
\BOOKMARK [0][-]{chapter*.4}{Submitted Abstracts}{}% 4
\BOOKMARK [0][-]{chapter*.5}{Associated Publications}{}% 5
\BOOKMARK [0][-]{chapter*.5}{Contents}{}% 6
\BOOKMARK [0][-]{chapter*.7}{List of Figures}{}% 7
\BOOKMARK [0][-]{chapter*.8}{List of Tables}{}% 8
\BOOKMARK [0][-]{chapter*.9}{Abbreviations}{}% 9
\BOOKMARK [0][-]{chapter.1}{Introduction}{}% 10
\BOOKMARK [1][-]{section.1.1}{Genetics and gene expression}{chapter.1}% 11
\BOOKMARK [1][-]{section.1.2}{Specific aims and objectives}{chapter.1}% 12
\BOOKMARK [0][-]{chapter.2}{Materials and Methods}{}% 13
\BOOKMARK [1][-]{section.2.1}{Genomic Advances in Sepsis}{chapter.2}% 14
\BOOKMARK [1][-]{section.2.2}{Other cohorts}{chapter.2}% 15
\BOOKMARK [1][-]{section.2.3}{Metagenomics}{chapter.2}% 16
\BOOKMARK [1][-]{section.2.4}{Digital droplet PCR}{chapter.2}% 17
\BOOKMARK [1][-]{section.2.5}{Epstein Barr Virus Serology}{chapter.2}% 18
\BOOKMARK [1][-]{section.2.6}{Transcriptomics}{chapter.2}% 19
\BOOKMARK [0][-]{chapter.3}{Results1}{}% 20
\BOOKMARK [1][-]{section.3.1}{Introduction}{chapter.3}% 21
\BOOKMARK [1][-]{section.3.2}{Results: sepsis}{chapter.3}% 22
\BOOKMARK [1][-]{section.3.3}{Discussion}{chapter.3}% 23
\BOOKMARK [1][-]{section.3.4}{Conclusions}{chapter.3}% 24
\BOOKMARK [0][-]{chapter.4}{General Discussion}{}% 25
\BOOKMARK [1][-]{section.4.1}{A section}{chapter.4}% 26
\BOOKMARK [1][-]{section.4.2}{Limitations and future work}{chapter.4}% 27
\BOOKMARK [1][-]{section.4.3}{Conclusion}{chapter.4}% 28
\BOOKMARK [0][-]{section.4.3}{Appendices}{}% 29
\BOOKMARK [0][-]{appendix.A}{Results1}{}% 30
\BOOKMARK [0][-]{appendix.B}{Results2}{}% 31
